<?xml version="1.0" encoding="UTF-8"?>
<testng-results ignored="0" total="5" passed="5" failed="0" skipped="0">
  <reporter-output>
  </reporter-output>
  <suite started-at="2018-08-08T19:32:05Z" name="MailChimp_Demo_QA_Automation_Test_Report" finished-at="2018-08-08T19:32:59Z" duration-ms="53650">
    <groups>
    </groups>
    <test started-at="2018-08-08T19:32:05Z" name="Test Automation MailChimp" finished-at="2018-08-08T19:32:59Z" duration-ms="53650">
      <class name="com.mailchimp.automation.testcases.LogoutPageTest">
        <test-method is-config="true" signature="setUp()[pri:0, instance:com.mailchimp.automation.testcases.LogoutPageTest@7829b776]" started-at="2018-08-09T01:32:54Z" name="setUp" finished-at="2018-08-09T01:32:59Z" duration-ms="4717" status="PASS">
          <reporter-output>
          </reporter-output>
        </test-method> <!-- setUp -->
        <test-method signature="verifyLogOutSuccessfully()[pri:0, instance:com.mailchimp.automation.testcases.LogoutPageTest@7829b776]" started-at="2018-08-09T01:32:59Z" name="verifyLogOutSuccessfully" finished-at="2018-08-09T01:32:59Z" duration-ms="55" status="PASS">
          <reporter-output>
          </reporter-output>
        </test-method> <!-- verifyLogOutSuccessfully -->
        <test-method is-config="true" signature="tearDown()[pri:0, instance:com.mailchimp.automation.testcases.LogoutPageTest@7829b776]" started-at="2018-08-09T01:32:59Z" name="tearDown" finished-at="2018-08-09T01:32:59Z" duration-ms="0" status="PASS">
          <reporter-output>
          </reporter-output>
        </test-method> <!-- tearDown -->
      </class> <!-- com.mailchimp.automation.testcases.LogoutPageTest -->
      <class name="com.mailchimp.automation.testcases.LoginPageTest">
        <test-method is-config="true" signature="setUp()[pri:0, instance:com.mailchimp.automation.testcases.LoginPageTest@6b5894c8]" started-at="2018-08-09T01:32:05Z" name="setUp" finished-at="2018-08-09T01:32:23Z" duration-ms="18243" status="PASS">
          <reporter-output>
          </reporter-output>
        </test-method> <!-- setUp -->
        <test-method signature="verifyLoginSuccessfully()[pri:0, instance:com.mailchimp.automation.testcases.LoginPageTest@6b5894c8]" started-at="2018-08-09T01:32:23Z" name="verifyLoginSuccessfully" finished-at="2018-08-09T01:32:23Z" duration-ms="13" status="PASS">
          <reporter-output>
          </reporter-output>
        </test-method> <!-- verifyLoginSuccessfully -->
        <test-method is-config="true" signature="tearDown()[pri:0, instance:com.mailchimp.automation.testcases.LoginPageTest@6b5894c8]" started-at="2018-08-09T01:32:23Z" name="tearDown" finished-at="2018-08-09T01:32:23Z" duration-ms="1" status="PASS">
          <reporter-output>
          </reporter-output>
        </test-method> <!-- tearDown -->
      </class> <!-- com.mailchimp.automation.testcases.LoginPageTest -->
      <class name="com.mailchimp.automation.testcases.DashboardPageTest">
        <test-method is-config="true" signature="setUp()[pri:0, instance:com.mailchimp.automation.testcases.DashboardPageTest@1433046b]" started-at="2018-08-09T01:32:23Z" name="setUp" finished-at="2018-08-09T01:32:42Z" duration-ms="18341" status="PASS">
          <reporter-output>
          </reporter-output>
        </test-method> <!-- setUp -->
        <test-method signature="verifyDashBoardSuccessfully()[pri:0, instance:com.mailchimp.automation.testcases.DashboardPageTest@1433046b]" started-at="2018-08-09T01:32:42Z" name="verifyDashBoardSuccessfully" finished-at="2018-08-09T01:32:42Z" duration-ms="104" status="PASS">
          <reporter-output>
          </reporter-output>
        </test-method> <!-- verifyDashBoardSuccessfully -->
        <test-method is-config="true" signature="tearDown()[pri:0, instance:com.mailchimp.automation.testcases.DashboardPageTest@1433046b]" started-at="2018-08-09T01:32:42Z" name="tearDown" finished-at="2018-08-09T01:32:42Z" duration-ms="0" status="PASS">
          <reporter-output>
          </reporter-output>
        </test-method> <!-- tearDown -->
      </class> <!-- com.mailchimp.automation.testcases.DashboardPageTest -->
      <class name="com.mailchimp.automation.testcases.CreateListPageTest">
        <test-method is-config="true" signature="setUp()[pri:0, instance:com.mailchimp.automation.testcases.CreateListPageTest@3f446bef]" started-at="2018-08-09T01:32:42Z" name="setUp" finished-at="2018-08-09T01:32:54Z" duration-ms="11968" status="PASS">
          <reporter-output>
          </reporter-output>
        </test-method> <!-- setUp -->
        <test-method signature="verifyCreateNewList()[pri:0, instance:com.mailchimp.automation.testcases.CreateListPageTest@3f446bef]" started-at="2018-08-09T01:32:54Z" name="verifyCreateNewList" finished-at="2018-08-09T01:32:54Z" duration-ms="69" status="PASS">
          <reporter-output>
          </reporter-output>
        </test-method> <!-- verifyCreateNewList -->
        <test-method is-config="true" signature="tearDown()[pri:0, instance:com.mailchimp.automation.testcases.CreateListPageTest@3f446bef]" started-at="2018-08-09T01:32:54Z" name="tearDown" finished-at="2018-08-09T01:32:54Z" duration-ms="0" status="PASS">
          <reporter-output>
          </reporter-output>
        </test-method> <!-- tearDown -->
      </class> <!-- com.mailchimp.automation.testcases.CreateListPageTest -->
      <class name="com.mailchimp.automation.testcases.HomePageTest">
        <test-method is-config="true" signature="setUp()[pri:0, instance:com.mailchimp.automation.testcases.HomePageTest@54227100]" started-at="2018-08-09T01:32:05Z" name="setUp" finished-at="2018-08-09T01:32:05Z" duration-ms="61" status="PASS">
          <reporter-output>
          </reporter-output>
        </test-method> <!-- setUp -->
        <test-method signature="verifyHomePageTitleTest()[pri:0, instance:com.mailchimp.automation.testcases.HomePageTest@54227100]" started-at="2018-08-09T01:32:05Z" name="verifyHomePageTitleTest" finished-at="2018-08-09T01:32:05Z" duration-ms="36" status="PASS">
          <reporter-output>
          </reporter-output>
        </test-method> <!-- verifyHomePageTitleTest -->
        <test-method is-config="true" signature="tearDown()[pri:0, instance:com.mailchimp.automation.testcases.HomePageTest@54227100]" started-at="2018-08-09T01:32:05Z" name="tearDown" finished-at="2018-08-09T01:32:05Z" duration-ms="1" status="PASS">
          <reporter-output>
          </reporter-output>
        </test-method> <!-- tearDown -->
      </class> <!-- com.mailchimp.automation.testcases.HomePageTest -->
    </test> <!-- Test Automation MailChimp -->
  </suite> <!-- MailChimp_Demo_QA_Automation_Test_Report -->
</testng-results>
