<?xml version="1.0" encoding="UTF-8"?>
<!-- Generated by org.testng.reporters.JUnitXMLReporter -->
<testsuite ignored="0" hostname="DESKTOP-T0TIKOH" failures="0" tests="5" name="Test Automation MailChimp" time="53.65" errors="0" timestamp="08 Aug 2018 19:32:59 GMT">
  <testcase classname="com.mailchimp.automation.testcases.HomePageTest" name="verifyHomePageTitleTest" time="0.036"/>
  <testcase classname="com.mailchimp.automation.testcases.LoginPageTest" name="verifyLoginSuccessfully" time="0.013"/>
  <testcase classname="com.mailchimp.automation.testcases.DashboardPageTest" name="verifyDashBoardSuccessfully" time="0.104"/>
  <testcase classname="com.mailchimp.automation.testcases.CreateListPageTest" name="verifyCreateNewList" time="0.069"/>
  <testcase classname="com.mailchimp.automation.testcases.LogoutPageTest" name="verifyLogOutSuccessfully" time="0.055"/>
</testsuite> <!-- Test Automation MailChimp -->
