<?xml version="1.0" encoding="UTF-8"?>
<testng-results ignored="0" total="5" passed="5" failed="0" skipped="0">
  <reporter-output>
  </reporter-output>
  <suite started-at="2018-08-08T20:01:00Z" name="MailChimp_Demo_QA_Automation_Test_Report" finished-at="2018-08-08T20:01:48Z" duration-ms="47385">
    <groups>
    </groups>
    <test started-at="2018-08-08T20:01:00Z" name="Test Automation MailChimp" finished-at="2018-08-08T20:01:48Z" duration-ms="47385">
      <class name="com.mailchimp.automation.testcases.LogoutPageTest">
        <test-method is-config="true" signature="setUp()[pri:0, instance:com.mailchimp.automation.testcases.LogoutPageTest@5b64c4b7]" started-at="2018-08-09T02:01:43Z" name="setUp" finished-at="2018-08-09T02:01:48Z" duration-ms="4401" status="PASS">
          <reporter-output>
          </reporter-output>
        </test-method> <!-- setUp -->
        <test-method signature="verifyLogOutSuccessfully()[pri:0, instance:com.mailchimp.automation.testcases.LogoutPageTest@5b64c4b7]" started-at="2018-08-09T02:01:48Z" name="verifyLogOutSuccessfully" finished-at="2018-08-09T02:01:48Z" duration-ms="68" status="PASS">
          <reporter-output>
          </reporter-output>
        </test-method> <!-- verifyLogOutSuccessfully -->
        <test-method is-config="true" signature="tearDown()[pri:0, instance:com.mailchimp.automation.testcases.LogoutPageTest@5b64c4b7]" started-at="2018-08-09T02:01:48Z" name="tearDown" finished-at="2018-08-09T02:01:48Z" duration-ms="0" status="PASS">
          <reporter-output>
          </reporter-output>
        </test-method> <!-- tearDown -->
      </class> <!-- com.mailchimp.automation.testcases.LogoutPageTest -->
      <class name="com.mailchimp.automation.testcases.LoginPageTest">
        <test-method is-config="true" signature="setUp()[pri:0, instance:com.mailchimp.automation.testcases.LoginPageTest@3f446bef]" started-at="2018-08-09T02:01:01Z" name="setUp" finished-at="2018-08-09T02:01:15Z" duration-ms="14534" status="PASS">
          <reporter-output>
          </reporter-output>
        </test-method> <!-- setUp -->
        <test-method signature="verifyLoginSuccessfully()[pri:0, instance:com.mailchimp.automation.testcases.LoginPageTest@3f446bef]" started-at="2018-08-09T02:01:15Z" name="verifyLoginSuccessfully" finished-at="2018-08-09T02:01:15Z" duration-ms="16" status="PASS">
          <reporter-output>
          </reporter-output>
        </test-method> <!-- verifyLoginSuccessfully -->
        <test-method is-config="true" signature="tearDown()[pri:0, instance:com.mailchimp.automation.testcases.LoginPageTest@3f446bef]" started-at="2018-08-09T02:01:15Z" name="tearDown" finished-at="2018-08-09T02:01:15Z" duration-ms="0" status="PASS">
          <reporter-output>
          </reporter-output>
        </test-method> <!-- tearDown -->
      </class> <!-- com.mailchimp.automation.testcases.LoginPageTest -->
      <class name="com.mailchimp.automation.testcases.CreateListPageTest">
        <test-method is-config="true" signature="setUp()[pri:0, instance:com.mailchimp.automation.testcases.CreateListPageTest@5778826f]" started-at="2018-08-09T02:01:30Z" name="setUp" finished-at="2018-08-09T02:01:43Z" duration-ms="12675" status="PASS">
          <reporter-output>
          </reporter-output>
        </test-method> <!-- setUp -->
        <test-method signature="verifyCreateNewList()[pri:0, instance:com.mailchimp.automation.testcases.CreateListPageTest@5778826f]" started-at="2018-08-09T02:01:43Z" name="verifyCreateNewList" finished-at="2018-08-09T02:01:43Z" duration-ms="74" status="PASS">
          <reporter-output>
          </reporter-output>
        </test-method> <!-- verifyCreateNewList -->
        <test-method is-config="true" signature="tearDown()[pri:0, instance:com.mailchimp.automation.testcases.CreateListPageTest@5778826f]" started-at="2018-08-09T02:01:43Z" name="tearDown" finished-at="2018-08-09T02:01:43Z" duration-ms="0" status="PASS">
          <reporter-output>
          </reporter-output>
        </test-method> <!-- tearDown -->
      </class> <!-- com.mailchimp.automation.testcases.CreateListPageTest -->
      <class name="com.mailchimp.automation.testcases.DashboardPageTest">
        <test-method is-config="true" signature="setUp()[pri:0, instance:com.mailchimp.automation.testcases.DashboardPageTest@7829b776]" started-at="2018-08-09T02:01:15Z" name="setUp" finished-at="2018-08-09T02:01:30Z" duration-ms="15262" status="PASS">
          <reporter-output>
          </reporter-output>
        </test-method> <!-- setUp -->
        <test-method signature="verifyDashBoardSuccessfully()[pri:0, instance:com.mailchimp.automation.testcases.DashboardPageTest@7829b776]" started-at="2018-08-09T02:01:30Z" name="verifyDashBoardSuccessfully" finished-at="2018-08-09T02:01:30Z" duration-ms="120" status="PASS">
          <reporter-output>
          </reporter-output>
        </test-method> <!-- verifyDashBoardSuccessfully -->
        <test-method is-config="true" signature="tearDown()[pri:0, instance:com.mailchimp.automation.testcases.DashboardPageTest@7829b776]" started-at="2018-08-09T02:01:30Z" name="tearDown" finished-at="2018-08-09T02:01:30Z" duration-ms="1" status="PASS">
          <reporter-output>
          </reporter-output>
        </test-method> <!-- tearDown -->
      </class> <!-- com.mailchimp.automation.testcases.DashboardPageTest -->
      <class name="com.mailchimp.automation.testcases.HomePageTest">
        <test-method is-config="true" signature="setUp()[pri:0, instance:com.mailchimp.automation.testcases.HomePageTest@1433046b]" started-at="2018-08-09T02:01:00Z" name="setUp" finished-at="2018-08-09T02:01:00Z" duration-ms="119" status="PASS">
          <reporter-output>
          </reporter-output>
        </test-method> <!-- setUp -->
        <test-method signature="verifyHomePageTitleTest()[pri:0, instance:com.mailchimp.automation.testcases.HomePageTest@1433046b]" started-at="2018-08-09T02:01:00Z" name="verifyHomePageTitleTest" finished-at="2018-08-09T02:01:01Z" duration-ms="44" status="PASS">
          <reporter-output>
          </reporter-output>
        </test-method> <!-- verifyHomePageTitleTest -->
        <test-method is-config="true" signature="tearDown()[pri:0, instance:com.mailchimp.automation.testcases.HomePageTest@1433046b]" started-at="2018-08-09T02:01:01Z" name="tearDown" finished-at="2018-08-09T02:01:01Z" duration-ms="0" status="PASS">
          <reporter-output>
          </reporter-output>
        </test-method> <!-- tearDown -->
      </class> <!-- com.mailchimp.automation.testcases.HomePageTest -->
    </test> <!-- Test Automation MailChimp -->
  </suite> <!-- MailChimp_Demo_QA_Automation_Test_Report -->
</testng-results>
