<?xml version="1.0" encoding="UTF-8"?>
<!-- Generated by org.testng.reporters.JUnitXMLReporter -->
<testsuite ignored="0" hostname="DESKTOP-T0TIKOH" failures="0" tests="5" name="Test Automation MailChimp" time="43.491" errors="0" timestamp="08 Aug 2018 19:48:45 GMT">
  <testcase classname="com.mailchimp.automation.testcases.HomePageTest" name="verifyHomePageTitleTest" time="0.038"/>
  <testcase classname="com.mailchimp.automation.testcases.LoginPageTest" name="verifyLoginSuccessfully" time="0.011"/>
  <testcase classname="com.mailchimp.automation.testcases.DashboardPageTest" name="verifyDashBoardSuccessfully" time="0.084"/>
  <testcase classname="com.mailchimp.automation.testcases.CreateListPageTest" name="verifyCreateNewList" time="0.097"/>
  <testcase classname="com.mailchimp.automation.testcases.LogoutPageTest" name="verifyLogOutSuccessfully" time="0.079"/>
</testsuite> <!-- Test Automation MailChimp -->
