<?xml version="1.0" encoding="UTF-8"?>
<!-- Generated by org.testng.reporters.JUnitXMLReporter -->
<testsuite ignored="0" hostname="DESKTOP-T0TIKOH" failures="0" tests="5" name="Test Automation MailChimp" time="46.352" errors="0" timestamp="08 Aug 2018 19:58:01 GMT">
  <testcase classname="com.mailchimp.automation.testcases.HomePageTest" name="verifyHomePageTitleTest" time="0.048"/>
  <testcase classname="com.mailchimp.automation.testcases.LoginPageTest" name="verifyLoginSuccessfully" time="0.015"/>
  <testcase classname="com.mailchimp.automation.testcases.DashboardPageTest" name="verifyDashBoardSuccessfully" time="0.087"/>
  <testcase classname="com.mailchimp.automation.testcases.CreateListPageTest" name="verifyCreateNewList" time="0.067"/>
  <testcase classname="com.mailchimp.automation.testcases.LogoutPageTest" name="verifyLogOutSuccessfully" time="0.071"/>
</testsuite> <!-- Test Automation MailChimp -->
