<?xml version="1.0" encoding="UTF-8"?>
<testng-results ignored="0" total="5" passed="5" failed="0" skipped="0">
  <reporter-output>
  </reporter-output>
  <suite started-at="2018-08-08T19:57:14Z" name="MailChimp_Demo_QA_Automation_Test_Report" finished-at="2018-08-08T19:58:01Z" duration-ms="46352">
    <groups>
    </groups>
    <test started-at="2018-08-08T19:57:14Z" name="Test Automation MailChimp" finished-at="2018-08-08T19:58:01Z" duration-ms="46352">
      <class name="com.mailchimp.automation.testcases.LogoutPageTest">
        <test-method is-config="true" signature="setUp()[pri:0, instance:com.mailchimp.automation.testcases.LogoutPageTest@5b64c4b7]" started-at="2018-08-09T01:57:56Z" name="setUp" finished-at="2018-08-09T01:58:01Z" duration-ms="5066" status="PASS">
          <reporter-output>
          </reporter-output>
        </test-method> <!-- setUp -->
        <test-method signature="verifyLogOutSuccessfully()[pri:0, instance:com.mailchimp.automation.testcases.LogoutPageTest@5b64c4b7]" started-at="2018-08-09T01:58:01Z" name="verifyLogOutSuccessfully" finished-at="2018-08-09T01:58:01Z" duration-ms="71" status="PASS">
          <reporter-output>
          </reporter-output>
        </test-method> <!-- verifyLogOutSuccessfully -->
        <test-method is-config="true" signature="tearDown()[pri:0, instance:com.mailchimp.automation.testcases.LogoutPageTest@5b64c4b7]" started-at="2018-08-09T01:58:01Z" name="tearDown" finished-at="2018-08-09T01:58:01Z" duration-ms="0" status="PASS">
          <reporter-output>
          </reporter-output>
        </test-method> <!-- tearDown -->
      </class> <!-- com.mailchimp.automation.testcases.LogoutPageTest -->
      <class name="com.mailchimp.automation.testcases.LoginPageTest">
        <test-method is-config="true" signature="setUp()[pri:0, instance:com.mailchimp.automation.testcases.LoginPageTest@3f446bef]" started-at="2018-08-09T01:57:15Z" name="setUp" finished-at="2018-08-09T01:57:29Z" duration-ms="14269" status="PASS">
          <reporter-output>
          </reporter-output>
        </test-method> <!-- setUp -->
        <test-method signature="verifyLoginSuccessfully()[pri:0, instance:com.mailchimp.automation.testcases.LoginPageTest@3f446bef]" started-at="2018-08-09T01:57:29Z" name="verifyLoginSuccessfully" finished-at="2018-08-09T01:57:29Z" duration-ms="15" status="PASS">
          <reporter-output>
          </reporter-output>
        </test-method> <!-- verifyLoginSuccessfully -->
        <test-method is-config="true" signature="tearDown()[pri:0, instance:com.mailchimp.automation.testcases.LoginPageTest@3f446bef]" started-at="2018-08-09T01:57:29Z" name="tearDown" finished-at="2018-08-09T01:57:29Z" duration-ms="0" status="PASS">
          <reporter-output>
          </reporter-output>
        </test-method> <!-- tearDown -->
      </class> <!-- com.mailchimp.automation.testcases.LoginPageTest -->
      <class name="com.mailchimp.automation.testcases.CreateListPageTest">
        <test-method is-config="true" signature="setUp()[pri:0, instance:com.mailchimp.automation.testcases.CreateListPageTest@5778826f]" started-at="2018-08-09T01:57:43Z" name="setUp" finished-at="2018-08-09T01:57:56Z" duration-ms="12492" status="PASS">
          <reporter-output>
          </reporter-output>
        </test-method> <!-- setUp -->
        <test-method signature="verifyCreateNewList()[pri:0, instance:com.mailchimp.automation.testcases.CreateListPageTest@5778826f]" started-at="2018-08-09T01:57:56Z" name="verifyCreateNewList" finished-at="2018-08-09T01:57:56Z" duration-ms="67" status="PASS">
          <reporter-output>
          </reporter-output>
        </test-method> <!-- verifyCreateNewList -->
        <test-method is-config="true" signature="tearDown()[pri:0, instance:com.mailchimp.automation.testcases.CreateListPageTest@5778826f]" started-at="2018-08-09T01:57:56Z" name="tearDown" finished-at="2018-08-09T01:57:56Z" duration-ms="0" status="PASS">
          <reporter-output>
          </reporter-output>
        </test-method> <!-- tearDown -->
      </class> <!-- com.mailchimp.automation.testcases.CreateListPageTest -->
      <class name="com.mailchimp.automation.testcases.DashboardPageTest">
        <test-method is-config="true" signature="setUp()[pri:0, instance:com.mailchimp.automation.testcases.DashboardPageTest@7829b776]" started-at="2018-08-09T01:57:29Z" name="setUp" finished-at="2018-08-09T01:57:43Z" duration-ms="14120" status="PASS">
          <reporter-output>
          </reporter-output>
        </test-method> <!-- setUp -->
        <test-method signature="verifyDashBoardSuccessfully()[pri:0, instance:com.mailchimp.automation.testcases.DashboardPageTest@7829b776]" started-at="2018-08-09T01:57:43Z" name="verifyDashBoardSuccessfully" finished-at="2018-08-09T01:57:43Z" duration-ms="87" status="PASS">
          <reporter-output>
          </reporter-output>
        </test-method> <!-- verifyDashBoardSuccessfully -->
        <test-method is-config="true" signature="tearDown()[pri:0, instance:com.mailchimp.automation.testcases.DashboardPageTest@7829b776]" started-at="2018-08-09T01:57:43Z" name="tearDown" finished-at="2018-08-09T01:57:43Z" duration-ms="1" status="PASS">
          <reporter-output>
          </reporter-output>
        </test-method> <!-- tearDown -->
      </class> <!-- com.mailchimp.automation.testcases.DashboardPageTest -->
      <class name="com.mailchimp.automation.testcases.HomePageTest">
        <test-method is-config="true" signature="setUp()[pri:0, instance:com.mailchimp.automation.testcases.HomePageTest@1433046b]" started-at="2018-08-09T01:57:14Z" name="setUp" finished-at="2018-08-09T01:57:15Z" duration-ms="64" status="PASS">
          <reporter-output>
          </reporter-output>
        </test-method> <!-- setUp -->
        <test-method signature="verifyHomePageTitleTest()[pri:0, instance:com.mailchimp.automation.testcases.HomePageTest@1433046b]" started-at="2018-08-09T01:57:15Z" name="verifyHomePageTitleTest" finished-at="2018-08-09T01:57:15Z" duration-ms="48" status="PASS">
          <reporter-output>
          </reporter-output>
        </test-method> <!-- verifyHomePageTitleTest -->
        <test-method is-config="true" signature="tearDown()[pri:0, instance:com.mailchimp.automation.testcases.HomePageTest@1433046b]" started-at="2018-08-09T01:57:15Z" name="tearDown" finished-at="2018-08-09T01:57:15Z" duration-ms="1" status="PASS">
          <reporter-output>
          </reporter-output>
        </test-method> <!-- tearDown -->
      </class> <!-- com.mailchimp.automation.testcases.HomePageTest -->
    </test> <!-- Test Automation MailChimp -->
  </suite> <!-- MailChimp_Demo_QA_Automation_Test_Report -->
</testng-results>
